<?xml version="1.0" encoding="UTF-8" ?>
<testsuite tests="1" failures="0" name="org.nithinm.yarn.TestWebApp" time="0.243" errors="0" skipped="0">
  <properties>
    <property name="java.runtime.name" value="Java(TM) SE Runtime Environment"/>
    <property name="sun.boot.library.path" value="C:\Program Files\Java\jdk1.8.0_71\jre\bin"/>
    <property name="java.vm.version" value="25.71-b15"/>
    <property name="java.vm.vendor" value="Oracle Corporation"/>
    <property name="java.vendor.url" value="http://java.oracle.com/"/>
    <property name="path.separator" value=";"/>
    <property name="guice.disable.misplaced.annotation.check" value="true"/>
    <property name="java.vm.name" value="Java HotSpot(TM) 64-Bit Server VM"/>
    <property name="file.encoding.pkg" value="sun.io"/>
    <property name="user.script" value=""/>
    <property name="user.country" value="US"/>
    <property name="sun.java.launcher" value="SUN_STANDARD"/>
    <property name="sun.os.patch.level" value=""/>
    <property name="java.vm.specification.name" value="Java Virtual Machine Specification"/>
    <property name="user.dir" value="E:\yarnappmaster\YarnAppMasterProto"/>
    <property name="java.runtime.version" value="1.8.0_71-b15"/>
    <property name="java.awt.graphicsenv" value="sun.awt.Win32GraphicsEnvironment"/>
    <property name="java.endorsed.dirs" value="C:\Program Files\Java\jdk1.8.0_71\jre\lib\endorsed"/>
    <property name="os.arch" value="amd64"/>
    <property name="java.io.tmpdir" value="C:\Users\nithinm\AppData\Local\Temp\"/>
    <property name="line.separator" value="
"/>
    <property name="java.vm.specification.vendor" value="Oracle Corporation"/>
    <property name="user.variant" value=""/>
    <property name="os.name" value="Windows Server 2012 R2"/>
    <property name="classworlds.conf" value="E:\monarch\tools\apache-maven-3.0.4\bin\m2.conf"/>
    <property name="sun.jnu.encoding" value="Cp1252"/>
    <property name="java.library.path" value="C:\Program Files\Java\jdk1.8.0_71\bin;C:\windows\Sun\Java\bin;C:\windows\system32;C:\windows;E:\monarch\tools\strawberry-perl-5.16.3.1-64bit-portable\perl\site\bin;E:\monarch\tools\strawberry-perl-5.16.3.1-64bit-portable\perl\bin;C:\windows\Microsoft.NET\Framework64\v4.0.30319;C:\windows\Microsoft.NET\Framework\v4.0.30319;C:\windows\Microsoft.NET\Framework64\v3.5;C:\windows\Microsoft.NET\Framework\v3.5;;C:\Program Files (x86)\Microsoft Visual Studio 10.0\Common7\IDE;C:\Program Files (x86)\Microsoft Visual Studio 10.0\Common7\Tools;;C:\Program Files (x86)\Microsoft Visual Studio 10.0\VC\Bin\amd64;C:\Program Files (x86)\Microsoft Visual Studio 10.0\VC\Bin\VCPackages;;C:\Program Files\Microsoft SDKs\Windows\v7.1\Bin\NETFX 4.0 Tools\x64;C:\Program Files\Microsoft SDKs\Windows\v7.1\Bin\x64;C:\Program Files\Microsoft SDKs\Windows\v7.1\Bin;;E:\monarch\tools\cmake-3.0.2-win32-x86\bin;E:\monarch\tools\Python27;E:\monarch\tools\protoc-2.5.0-win32;E:\monarch\tools\scripts;E:\monarch\tools\wix35\;E:\monarch\tools\apache-maven-3.0.4\bin;E:\monarch\tools\apache-ant-1.8.0\bin;E:\monarch\tools\java\bin;E:\monarch\tools\Cygwin-1.7\bin;C:\windows\system32\WindowsPowerShell\v1.0\;C:\windows\system32;C:\windows\;;C:\Users\nithinm\AppData\Local\GitHub\PortableGit_c7e0cbde92ba565cb218a521411d0e854079a28c\cmd;C:\Users\nithinm\AppData\Local\GitHub\PortableGit_c7e0cbde92ba565cb218a521411d0e854079a28c\usr\bin;C:\Users\nithinm\AppData\Local\GitHub\PortableGit_c7e0cbde92ba565cb218a521411d0e854079a28c\usr\share\git-tfs;C:\Users\nithinm\AppData\Local\GitHub\lfs-amd64_1.1.0;C:\Users\nithinm\AppData\Local\Apps\2.0\GG434NK7.3L2\N72PCG1J.K5K\gith..tion_317444273a93ac29_0003.0000_20a3dfa4ba8ba894;C:\windows\Microsoft.NET\Framework\v4.0.30319;."/>
    <property name="java.specification.name" value="Java Platform API Specification"/>
    <property name="java.class.version" value="52.0"/>
    <property name="sun.management.compiler" value="HotSpot 64-Bit Tiered Compilers"/>
    <property name="os.version" value="6.3"/>
    <property name="user.home" value="C:\Users\nithinm"/>
    <property name="user.timezone" value="America/Los_Angeles"/>
    <property name="java.awt.printerjob" value="sun.awt.windows.WPrinterJob"/>
    <property name="java.specification.version" value="1.8"/>
    <property name="file.encoding" value="Cp1252"/>
    <property name="user.name" value="nithinm"/>
    <property name="java.class.path" value="E:\monarch\tools\apache-maven-3.0.4\boot\plexus-classworlds-2.4.jar"/>
    <property name="java.vm.specification.version" value="1.8"/>
    <property name="sun.arch.data.model" value="64"/>
    <property name="java.home" value="C:\Program Files\Java\jdk1.8.0_71\jre"/>
    <property name="sun.java.command" value="org.codehaus.plexus.classworlds.launcher.Launcher clean package"/>
    <property name="java.specification.vendor" value="Oracle Corporation"/>
    <property name="user.language" value="en"/>
    <property name="awt.toolkit" value="sun.awt.windows.WToolkit"/>
    <property name="java.vm.info" value="mixed mode"/>
    <property name="java.version" value="1.8.0_71"/>
    <property name="java.ext.dirs" value="C:\Program Files\Java\jdk1.8.0_71\jre\lib\ext;C:\windows\Sun\Java\lib\ext"/>
    <property name="sun.boot.class.path" value="C:\Program Files\Java\jdk1.8.0_71\jre\lib\resources.jar;C:\Program Files\Java\jdk1.8.0_71\jre\lib\rt.jar;C:\Program Files\Java\jdk1.8.0_71\jre\lib\sunrsasign.jar;C:\Program Files\Java\jdk1.8.0_71\jre\lib\jsse.jar;C:\Program Files\Java\jdk1.8.0_71\jre\lib\jce.jar;C:\Program Files\Java\jdk1.8.0_71\jre\lib\charsets.jar;C:\Program Files\Java\jdk1.8.0_71\jre\lib\jfr.jar;C:\Program Files\Java\jdk1.8.0_71\jre\classes"/>
    <property name="sun.stderr.encoding" value="cp437"/>
    <property name="java.vendor" value="Oracle Corporation"/>
    <property name="maven.home" value="E:\monarch\tools\apache-maven-3.0.4"/>
    <property name="file.separator" value="\"/>
    <property name="java.vendor.url.bug" value="http://bugreport.sun.com/bugreport/"/>
    <property name="sun.cpu.endian" value="little"/>
    <property name="sun.io.unicode.encoding" value="UnicodeLittle"/>
    <property name="sun.stdout.encoding" value="cp437"/>
    <property name="sun.desktop" value="windows"/>
    <property name="sun.cpu.isalist" value="amd64"/>
  </properties>
  <testcase classname="org.nithinm.yarn.TestWebApp" name="getMetastoreUrl" time="0.236"/>
</testsuite>